<?xml version="1.0" encoding="UTF-8"?>
<!-- Generated by org.testng.reporters.JUnitReportReporter -->
<testsuite hostname="DESKTOP-0N2HTAC" failures="0" tests="1" name="com.automation.cucumber.runner.ProfileRunner" time="273.592" errors="0" timestamp="2021-12-31T03:08:19 EST" skipped="0">
  <testcase classname="com.automation.cucumber.runner.ProfileRunner" name="runScenario" time="273.592"/>
  <system-out/>
</testsuite> <!-- com.automation.cucumber.runner.ProfileRunner -->
