<?xml version="1.0" encoding="UTF-8"?>
<!-- Generated by org.testng.reporters.JUnitReportReporter -->
<testsuite hostname="DESKTOP-0N2HTAC" failures="0" tests="1" name="com.automation.cucumber.runner.LoginRunner" time="94.380" errors="0" timestamp="2021-12-31T03:12:27 EST" skipped="0">
  <testcase classname="com.automation.cucumber.runner.LoginRunner" name="runScenario" time="94.380"/>
  <system-out/>
</testsuite> <!-- com.automation.cucumber.runner.LoginRunner -->
